<?xml version="1.0" encoding="UTF-8"?>
<testng-results skipped="0" failed="0" total="1" passed="1">
  <reporter-output>
  </reporter-output>
  <suite name="Default suite" duration-ms="19057" started-at="2020-04-23T12:44:17Z" finished-at="2020-04-23T12:44:36Z">
    <groups>
    </groups>
    <test name="Default test" duration-ms="19057" started-at="2020-04-23T12:44:17Z" finished-at="2020-04-23T12:44:36Z">
      <class name="guru99bankdemo1.CustomisedStatementTest">
        <test-method status="PASS" signature="setup()[pri:0, instance:guru99bankdemo1.CustomisedStatementTest@f9b8bc]" name="setup" is-config="true" duration-ms="6500" started-at="2020-04-23T18:14:17Z" finished-at="2020-04-23T18:14:24Z">
          <reporter-output>
          </reporter-output>
        </test-method> <!-- setup -->
        <test-method status="PASS" signature="CustomisedStatementSuccessfully()[pri:0, instance:guru99bankdemo1.CustomisedStatementTest@f9b8bc]" name="CustomisedStatementSuccessfully" duration-ms="12517" started-at="2020-04-23T18:14:24Z" finished-at="2020-04-23T18:14:36Z">
          <reporter-output>
          </reporter-output>
        </test-method> <!-- CustomisedStatementSuccessfully -->
      </class> <!-- guru99bankdemo1.CustomisedStatementTest -->
    </test> <!-- Default test -->
  </suite> <!-- Default suite -->
</testng-results>
